g:\programming\c++_qt_vs\timingshutdown\timingshutdown\x64\release\qrc_timingshutdown.obj
g:\programming\c++_qt_vs\timingshutdown\timingshutdown\x64\release\timingshutdown.obj
g:\programming\c++_qt_vs\timingshutdown\timingshutdown\x64\release\moc_timingshutdown.obj
g:\programming\c++_qt_vs\timingshutdown\timingshutdown\x64\release\main.obj
g:\programming\c++_qt_vs\timingshutdown\x64\release\timingshutdown.exe
g:\programming\c++_qt_vs\timingshutdown\timingshutdown\.\generatedfiles\release\moc_timingshutdown.cpp
g:\programming\c++_qt_vs\timingshutdown\timingshutdown\x64\release\timingshutdown.res
g:\programming\c++_qt_vs\timingshutdown\timingshutdown\.\generatedfiles\qrc_timingshutdown.cpp
g:\programming\c++_qt_vs\timingshutdown\timingshutdown\generatedfiles\qrc_timingshutdown.cpp
g:\programming\c++_qt_vs\timingshutdown\timingshutdown\generatedfiles\release\moc_timingshutdown.cpp
g:\programming\c++_qt_vs\timingshutdown\x64\release\main.obj
g:\programming\c++_qt_vs\timingshutdown\x64\release\moc_timingshutdown.obj
g:\programming\c++_qt_vs\timingshutdown\x64\release\qrc_timingshutdown.obj
g:\programming\c++_qt_vs\timingshutdown\x64\release\timingshutdown.obj
g:\programming\c++_qt_vs\timingshutdown\x64\release\timingshutdown.res
g:\programming\c++_qt_vs\timingshutdown\x64\release\timingshutdown.tlog\cl.command.1.tlog
g:\programming\c++_qt_vs\timingshutdown\x64\release\timingshutdown.tlog\cl.read.1.tlog
g:\programming\c++_qt_vs\timingshutdown\x64\release\timingshutdown.tlog\cl.write.1.tlog
g:\programming\c++_qt_vs\timingshutdown\x64\release\timingshutdown.tlog\link.command.1.tlog
g:\programming\c++_qt_vs\timingshutdown\x64\release\timingshutdown.tlog\link.read.1.tlog
g:\programming\c++_qt_vs\timingshutdown\x64\release\timingshutdown.tlog\link.write.1.tlog
g:\programming\c++_qt_vs\timingshutdown\x64\release\timingshutdown.tlog\moc.read.1u.tlog
g:\programming\c++_qt_vs\timingshutdown\x64\release\timingshutdown.tlog\moc.write.1u.tlog
g:\programming\c++_qt_vs\timingshutdown\x64\release\timingshutdown.tlog\rc.command.1.tlog
g:\programming\c++_qt_vs\timingshutdown\x64\release\timingshutdown.tlog\rc.read.1.tlog
g:\programming\c++_qt_vs\timingshutdown\x64\release\timingshutdown.tlog\rc.write.1.tlog
g:\programming\c++_qt_vs\timingshutdown\x64\release\timingshutdown.tlog\rcc.read.1u.tlog
g:\programming\c++_qt_vs\timingshutdown\x64\release\timingshutdown.tlog\rcc.write.1u.tlog
g:\programming\c++_qt_vs\timingshutdown\x64\release\timingshutdown.tlog\timingshutdown.write.1u.tlog
