Build started 2019/9/17 23:17:28.
     1>Project "G:\Programming\C++_Qt_VS\TimingShutdown\TimingShutdown.vcxproj" on node 2 (Rebuild target(s)).
     1>QtRccSetDependencies:
         "F:\Qt\Qt5.6.0\5.6\msvc2015_64\bin\rcc.exe" --list "TimingShutdown.qrc" > "x64\Release\rcc_list.txt" 2> nul
       QtWork:
         Moc'ing TimingShutdown.h...
       ClCompile:
         F:\Microsoft Visual Studio 14.0\VC\bin\x86_amd64\CL.exe /c /I.\GeneratedFiles /I. /IF:\Qt\Qt5.6.0\5.6\msvc2015_64\include /I.\GeneratedFiles\Release /IF:\Qt\Qt5.6.0\5.6\msvc2015_64\include\QtCore /IF:\Qt\Qt5.6.0\5.6\msvc2015_64\include\QtGui /IF:\Qt\Qt5.6.0\5.6\msvc2015_64\include\QtANGLE /IF:\Qt\Qt5.6.0\5.6\msvc2015_64\include\QtWidgets /nologo /W1 /WX- /MP /O2 /D UNICODE /D WIN32 /D WIN64 /D QT_DLL /D QT_NO_DEBUG /D NDEBUG /D QT_CORE_LIB /D QT_GUI_LIB /D QT_WIDGETS_LIB /Gm- /EHsc /MD /GS /fp:precise /Zc:wchar_t /Zc:forScope /Zc:inline /Fo"x64\Release\\" /Fd"x64\Release\vc140.pdb" /Gd /TP /errorReport:prompt main.cpp TimingShutdown.cpp GeneratedFiles\qrc_TimingShutdown.cpp GeneratedFiles\Release\moc_TimingShutdown.cpp
         main.cpp
         TimingShutdown.cpp
         qrc_TimingShutdown.cpp
         moc_TimingShutdown.cpp
       ResourceCompile:
         C:\Program Files (x86)\Windows Kits\8.1\bin\x86\rc.exe /l"0x0409" /nologo /fo"x64\Release\TimingShutdown.res" TimingShutdown.rc 
       Link:
         F:\Microsoft Visual Studio 14.0\VC\bin\x86_amd64\link.exe /ERRORREPORT:PROMPT /OUT:"G:\Programming\C++_Qt_VS\TimingShutdown\x64\Release\\TimingShutdown.exe" /NOLOGO /LIBPATH:F:\Qt\Qt5.6.0\5.6\msvc2015_64\lib qtmain.lib Qt5Core.lib Qt5Gui.lib Qt5Widgets.lib opencv_world310d.lib kernel32.lib user32.lib gdi32.lib winspool.lib comdlg32.lib advapi32.lib shell32.lib ole32.lib oleaut32.lib uuid.lib odbc32.lib odbccp32.lib /MANIFEST /MANIFESTUAC:"level='asInvoker' uiAccess='false'" /manifest:embed /PDB:"G:\Programming\C++_Qt_VS\TimingShutdown\x64\Release\TimingShutdown.pdb" /SUBSYSTEM:WINDOWS /TLBID:1 /DYNAMICBASE /NXCOMPAT /IMPLIB:"G:\Programming\C++_Qt_VS\TimingShutdown\x64\Release\TimingShutdown.lib" /MACHINE:X64 x64\Release\TimingShutdown.res
         x64\Release\main.obj
         x64\Release\TimingShutdown.obj
         x64\Release\qrc_TimingShutdown.obj
         x64\Release\moc_TimingShutdown.obj
         TimingShutdown.vcxproj -> G:\Programming\C++_Qt_VS\TimingShutdown\x64\Release\TimingShutdown.exe
     1>Done Building Project "G:\Programming\C++_Qt_VS\TimingShutdown\TimingShutdown.vcxproj" (Rebuild target(s)).

Build succeeded.

Time Elapsed 00:00:03.04
