Build started 2020/2/18 15:33:11.
     1>Project "G:\Programming\C++_Qt_VS\TimingShutdown\TimingShutdown.vcxproj" on node 2 (Build target(s)).
     1>Project "G:\Programming\C++_Qt_VS\TimingShutdown\TimingShutdown.vcxproj" (1) is building "G:\Programming\C++_Qt_VS\TimingShutdown\TimingShutdown.vcxproj" (1:2) on node 2 (Build target(s)).
     1>QtRccSetDependencies:
         "F:\Qt\Qt5.6.0\5.6\msvc2015_64\bin\rcc.exe" --list "TimingShutdown.qrc" > "x64\Debug\rcc_list.txt" 2> nul
       ClCompile:
         F:\Microsoft Visual Studio 14.0\VC\bin\x86_amd64\CL.exe /c /I.\GeneratedFiles\Debug /I.\GeneratedFiles /I. /IF:\Qt\Qt5.6.0\5.6\msvc2015_64\include /I.\GeneratedFiles\Debug /IF:\Qt\Qt5.6.0\5.6\msvc2015_64\include\QtCore /IF:\Qt\Qt5.6.0\5.6\msvc2015_64\include\QtGui /IF:\Qt\Qt5.6.0\5.6\msvc2015_64\include\QtANGLE /IF:\Qt\Qt5.6.0\5.6\msvc2015_64\include\QtWidgets /Zi /nologo /W1 /WX- /MP /Od /D UNICODE /D WIN32 /D WIN64 /D QT_CORE_LIB /D QT_GUI_LIB /D QT_WIDGETS_LIB /Gm- /EHsc /MDd /GS /fp:precise /Zc:wchar_t /Zc:forScope /Zc:inline /Fo"x64\Debug\\" /Fd"x64\Debug\vc140.pdb" /Gd /TP /errorReport:prompt main.cpp TimingShutdown.cpp
         main.cpp
         TimingShutdown.cpp
     1>TimingShutdown.cpp(173): warning C4003: not enough actual parameters for macro 'ExitWindows'
     1>TimingShutdown.cpp(177): warning C4003: not enough actual parameters for macro 'ExitWindows'
     1>TimingShutdown.cpp(181): warning C4003: not enough actual parameters for macro 'ExitWindows'
         F:\Microsoft Visual Studio 14.0\VC\bin\x86_amd64\CL.exe /c /I.\GeneratedFiles\Debug /IG:\Programming\C++_Qt_VS\TimingShutdown\ /I.\GeneratedFiles /I. /IF:\Qt\Qt5.6.0\5.6\msvc2015_64\include /I.\GeneratedFiles\Debug /IF:\Qt\Qt5.6.0\5.6\msvc2015_64\include\QtCore /IF:\Qt\Qt5.6.0\5.6\msvc2015_64\include\QtGui /IF:\Qt\Qt5.6.0\5.6\msvc2015_64\include\QtANGLE /IF:\Qt\Qt5.6.0\5.6\msvc2015_64\include\QtWidgets /Zi /nologo /W1 /WX- /MP /Od /D UNICODE /D WIN32 /D WIN64 /D QT_CORE_LIB /D QT_GUI_LIB /D QT_WIDGETS_LIB /Gm- /EHsc /MDd /GS /fp:precise /Zc:wchar_t /Zc:forScope /Zc:inline /Fo"x64\Debug\\" /Fd"x64\Debug\vc140.pdb" /Gd /TP /errorReport:prompt GeneratedFiles\qrc_TimingShutdown.cpp GeneratedFiles\Debug\moc_TimingShutdown.cpp
         qrc_TimingShutdown.cpp
         moc_TimingShutdown.cpp
       Link:
         F:\Microsoft Visual Studio 14.0\VC\bin\x86_amd64\link.exe /ERRORREPORT:PROMPT /OUT:"G:\Programming\C++_Qt_VS\TimingShutdown\x64\Debug\\TimingShutdown.exe" /NOLOGO /LIBPATH:F:\Qt\Qt5.6.0\5.6\msvc2015_64\lib qtmaind.lib Qt5Cored.lib Qt5Guid.lib Qt5Widgetsd.lib opencv_world310d.lib kernel32.lib user32.lib gdi32.lib winspool.lib comdlg32.lib advapi32.lib shell32.lib ole32.lib oleaut32.lib uuid.lib odbc32.lib odbccp32.lib /MANIFEST /MANIFESTUAC:"level='asInvoker' uiAccess='false'" /manifest:embed /Debug /PDB:"G:\Programming\C++_Qt_VS\TimingShutdown\x64\Debug\TimingShutdown.pdb" /SUBSYSTEM:WINDOWS /TLBID:1 /DYNAMICBASE /NXCOMPAT /IMPLIB:"G:\Programming\C++_Qt_VS\TimingShutdown\x64\Debug\TimingShutdown.lib" /MACHINE:X64 x64\Debug\TimingShutdown.res
         x64\Debug\main.obj
         x64\Debug\TimingShutdown.obj
         x64\Debug\qrc_TimingShutdown.obj
         x64\Debug\moc_TimingShutdown.obj
         TimingShutdown.vcxproj -> G:\Programming\C++_Qt_VS\TimingShutdown\x64\Debug\TimingShutdown.exe
     1>Done Building Project "G:\Programming\C++_Qt_VS\TimingShutdown\TimingShutdown.vcxproj" (Build target(s)).
     1>Done Building Project "G:\Programming\C++_Qt_VS\TimingShutdown\TimingShutdown.vcxproj" (Build target(s)).

Build succeeded.

Time Elapsed 00:00:08.40
