g:\programming\c++_qt_vs\timingshutdown\timingshutdown\x64\debug\qrc_timingshutdown.obj
g:\programming\c++_qt_vs\timingshutdown\timingshutdown\x64\debug\moc_timingshutdown.obj
g:\programming\c++_qt_vs\timingshutdown\timingshutdown\x64\debug\timingshutdown.obj
g:\programming\c++_qt_vs\timingshutdown\timingshutdown\x64\debug\main.obj
g:\programming\c++_qt_vs\timingshutdown\timingshutdown\x64\debug\vc140.pdb
g:\programming\c++_qt_vs\timingshutdown\x64\debug\timingshutdown.ilk
g:\programming\c++_qt_vs\timingshutdown\x64\debug\timingshutdown.exe
g:\programming\c++_qt_vs\timingshutdown\x64\debug\timingshutdown.pdb
g:\programming\c++_qt_vs\timingshutdown\timingshutdown\.\generatedfiles\debug\moc_timingshutdown.cpp
g:\programming\c++_qt_vs\timingshutdown\timingshutdown\.\generatedfiles\qrc_timingshutdown.cpp
g:\programming\c++_qt_vs\timingshutdown\timingshutdown\generatedfiles\qrc_timingshutdown.cpp
g:\programming\c++_qt_vs\timingshutdown\timingshutdown\generatedfiles\debug\moc_timingshutdown.cpp
g:\programming\c++_qt_vs\timingshutdown\x64\debug\main.obj
g:\programming\c++_qt_vs\timingshutdown\x64\debug\moc_timingshutdown.obj
g:\programming\c++_qt_vs\timingshutdown\x64\debug\qrc_timingshutdown.obj
g:\programming\c++_qt_vs\timingshutdown\x64\debug\timingshutdown.obj
g:\programming\c++_qt_vs\timingshutdown\x64\debug\vc140.pdb
g:\programming\c++_qt_vs\timingshutdown\x64\debug\timingshutdown.tlog\cl.command.1.tlog
g:\programming\c++_qt_vs\timingshutdown\x64\debug\timingshutdown.tlog\cl.read.1.tlog
g:\programming\c++_qt_vs\timingshutdown\x64\debug\timingshutdown.tlog\cl.write.1.tlog
g:\programming\c++_qt_vs\timingshutdown\x64\debug\timingshutdown.tlog\link.command.1.tlog
g:\programming\c++_qt_vs\timingshutdown\x64\debug\timingshutdown.tlog\link.read.1.tlog
g:\programming\c++_qt_vs\timingshutdown\x64\debug\timingshutdown.tlog\link.write.1.tlog
g:\programming\c++_qt_vs\timingshutdown\x64\debug\timingshutdown.tlog\moc.read.1u.tlog
g:\programming\c++_qt_vs\timingshutdown\x64\debug\timingshutdown.tlog\moc.write.1u.tlog
g:\programming\c++_qt_vs\timingshutdown\x64\debug\timingshutdown.tlog\rcc.read.1u.tlog
g:\programming\c++_qt_vs\timingshutdown\x64\debug\timingshutdown.tlog\rcc.write.1u.tlog
g:\programming\c++_qt_vs\timingshutdown\x64\debug\timingshutdown.tlog\timingshutdown.write.1u.tlog
